<?xml version="1.0" encoding="UTF-8"?>
<!-- Generated by org.testng.reporters.JUnitReportReporter -->
<testsuite hostname="RetailExpress-EDanchenko" failures="0" tests="2" name="com.herokuapp.theinternet.NegativeTests" time="9.426" errors="0" timestamp="2022-12-01T17:24:58 CET" skipped="0">
  <testcase classname="com.herokuapp.theinternet.NegativeTests" name="IncorrectPassword" time="3.870"/>
  <system-out/>
  <testcase classname="com.herokuapp.theinternet.NegativeTests" name="IncorrectUserName" time="5.556"/>
  <system-out/>
</testsuite> <!-- com.herokuapp.theinternet.NegativeTests -->
