<?xml version="1.0" encoding="UTF-8"?>
<!-- Generated by org.testng.reporters.JUnitReportReporter -->
<testsuite hostname="RetailExpress-EDanchenko" failures="0" tests="1" name="com.herokuapp.theinternet.PositiveTests" time="7.713" errors="0" timestamp="2022-12-01T17:24:58 CET" skipped="0">
  <testcase classname="com.herokuapp.theinternet.PositiveTests" name="loginTest" time="7.713"/>
  <system-out/>
</testsuite> <!-- com.herokuapp.theinternet.PositiveTests -->
