<?xml version="1.0" encoding="UTF-8"?>
<!-- Generated by org.testng.reporters.JUnitReportReporter -->
<testsuite hostname="RetailExpress-EDanchenko" failures="0" tests="1" name="com.herokuapp.theinternet.PositiveTests" time="7.380" errors="0" timestamp="2022-12-01T12:41:44 CET" skipped="0">
  <testcase classname="com.herokuapp.theinternet.PositiveTests" name="loginTest" time="7.380"/>
  <system-out/>
</testsuite> <!-- com.herokuapp.theinternet.PositiveTests -->
